eppi_text_classification/plotly_confusion.py:4: error: Skipping analyzing "plotly.graph_objects": module is installed, but missing library stubs or py.typed marker  [import-untyped]
eppi_text_classification/plotly_confusion.py:4: error: Skipping analyzing "plotly": module is installed, but missing library stubs or py.typed marker  [import-untyped]
eppi_text_classification/plotly_confusion.py:5: error: Skipping analyzing "plotly.io": module is installed, but missing library stubs or py.typed marker  [import-untyped]
eppi_text_classification/plotly_confusion.py:6: error: Skipping analyzing "plotly.subplots": module is installed, but missing library stubs or py.typed marker  [import-untyped]
eppi_text_classification/plotly_confusion.py:7: error: Skipping analyzing "sklearn.metrics": module is installed, but missing library stubs or py.typed marker  [import-untyped]
eppi_text_classification/plotly_confusion.py:13: error: Missing type parameters for generic type "ndarray"  [type-arg]
eppi_text_classification/plotly_confusion.py:14: error: Missing type parameters for generic type "ndarray"  [type-arg]
eppi_text_classification/plotly_confusion.py:15: error: Missing type parameters for generic type "ndarray"  [type-arg]
eppi_text_classification/plotly_confusion.py:16: error: Missing type parameters for generic type "ndarray"  [type-arg]
eppi_text_classification/plotly_confusion.py:100: error: Function is missing a return type annotation  [no-untyped-def]
eppi_text_classification/plotly_confusion.py:102: error: Missing type parameters for generic type "ndarray"  [type-arg]
eppi_text_classification/plotly_confusion.py:166: error: Missing type parameters for generic type "ndarray"  [type-arg]
eppi_text_classification/plotly_confusion.py:167: error: Missing type parameters for generic type "list"  [type-arg]
eppi_text_classification/plotly_confusion.py:203: error: Function is missing a return type annotation  [no-untyped-def]
eppi_text_classification/plotly_confusion.py:249: error: Function is missing a return type annotation  [no-untyped-def]
eppi_text_classification/plotly_confusion.py:249: error: Missing type parameters for generic type "list"  [type-arg]
eppi_text_classification/plotly_confusion.py:294: error: Missing type parameters for generic type "ndarray"  [type-arg]
eppi_text_classification/plotly_confusion.py:294: error: Function is missing a return type annotation  [no-untyped-def]
eppi_text_classification/plotly_roc.py:5: error: Skipping analyzing "plotly.express": module is installed, but missing library stubs or py.typed marker  [import-untyped]
eppi_text_classification/plotly_roc.py:5: error: Skipping analyzing "plotly": module is installed, but missing library stubs or py.typed marker  [import-untyped]
eppi_text_classification/plotly_roc.py:6: error: Skipping analyzing "sklearn.metrics": module is installed, but missing library stubs or py.typed marker  [import-untyped]
eppi_text_classification/plotly_roc.py:9: error: Missing type parameters for generic type "Sequence"  [type-arg]
eppi_text_classification/utils.py:7: error: Skipping analyzing "sklearn.feature_extraction.text": module is installed, but missing library stubs or py.typed marker  [import-untyped]
eppi_text_classification/utils.py:12: error: Missing type parameters for generic type "ndarray"  [type-arg]
eppi_text_classification/save_features_labels.py:8: error: Skipping analyzing "joblib": module is installed, but missing library stubs or py.typed marker  [import-untyped]
eppi_text_classification/save_features_labels.py:46: error: Missing type parameters for generic type "Sequence"  [type-arg]
eppi_text_classification/save_features_labels.py:46: error: Missing type parameters for generic type "list"  [type-arg]
eppi_text_classification/save_features_labels.py:66: error: Generator has incompatible item type "Sequence[Any]"; expected "list[Any]"  [misc]
eppi_text_classification/save_features_labels.py:71: error: Missing type parameters for generic type "list"  [type-arg]
eppi_text_classification/save_features_labels.py:112: error: Incompatible default for argument "process_count" (default has type "int | None", argument has type "int")  [assignment]
eppi_text_classification/save_features_labels.py:184: error: Missing type parameters for generic type "Sequence"  [type-arg]
eppi_text_classification/save_features_labels.py:199: error: "Sequence[Any]" has no attribute "tolist"  [attr-defined]
eppi_text_classification/save_features_labels.py:201: error: Returning Any from function declared to return "list[int]"  [no-any-return]
eppi_text_classification/save_features_labels.py:237: error: Argument 1 to "get_features" has incompatible type "Series[Any]"; expected "Sequence[str]"  [arg-type]
eppi_text_classification/save_features_labels.py:237: error: Argument 2 to "get_features" has incompatible type "Series[Any]"; expected "Sequence[str]"  [arg-type]
eppi_text_classification/save_features_labels.py:239: error: Argument 1 to "get_labels" has incompatible type "Series[Any]"; expected "Sequence[Any]"  [arg-type]
eppi_text_classification/opt.py:9: error: Skipping analyzing "joblib": module is installed, but missing library stubs or py.typed marker  [import-untyped]
eppi_text_classification/opt.py:11: error: Skipping analyzing "sklearn.ensemble": module is installed, but missing library stubs or py.typed marker  [import-untyped]
eppi_text_classification/opt.py:11: note: See https://mypy.readthedocs.io/en/stable/running_mypy.html#missing-imports
eppi_text_classification/opt.py:12: error: Skipping analyzing "sklearn.model_selection": module is installed, but missing library stubs or py.typed marker  [import-untyped]
eppi_text_classification/opt.py:13: error: Skipping analyzing "sklearn.svm": module is installed, but missing library stubs or py.typed marker  [import-untyped]
eppi_text_classification/opt.py:44: error: Missing type parameters for generic type "ndarray"  [type-arg]
eppi_text_classification/opt.py:130: error: Missing type parameters for generic type "dict"  [type-arg]
eppi_text_classification/opt.py:158: error: Argument 1 to "range" has incompatible type "int | None"; expected "SupportsIndex"  [arg-type]
eppi_text_classification/opt.py:165: error: Returning Any from function declared to return "dict[Any, Any]"  [no-any-return]
eppi_text_classification/opt.py:194: error: Returning Any from function declared to return "float"  [no-any-return]
eppi_text_classification/opt.py:251: error: Argument 1 to "LGBMClassifier" has incompatible type "**dict[str, object]"; expected "str"  [arg-type]
eppi_text_classification/opt.py:251: error: Argument 1 to "LGBMClassifier" has incompatible type "**dict[str, object]"; expected "int"  [arg-type]
eppi_text_classification/opt.py:251: error: Argument 1 to "LGBMClassifier" has incompatible type "**dict[str, object]"; expected "float"  [arg-type]
eppi_text_classification/opt.py:251: error: Argument 1 to "LGBMClassifier" has incompatible type "**dict[str, object]"; expected "str | Callable[[ndarray[Any, Any] | None, ndarray[Any, Any]], tuple[ndarray[Any, Any], ndarray[Any, Any]]] | Callable[[ndarray[Any, Any] | None, ndarray[Any, Any], ndarray[Any, Any] | None], tuple[ndarray[Any, Any], ndarray[Any, Any]]] | Callable[[ndarray[Any, Any] | None, ndarray[Any, Any], ndarray[Any, Any] | None, ndarray[Any, Any] | None], tuple[ndarray[Any, Any], ndarray[Any, Any]]] | None"  [arg-type]
eppi_text_classification/opt.py:251: error: Argument 1 to "LGBMClassifier" has incompatible type "**dict[str, object]"; expected "dict[Any, Any] | str | None"  [arg-type]
eppi_text_classification/opt.py:251: error: Argument 1 to "LGBMClassifier" has incompatible type "**dict[str, object]"; expected "int | RandomState | Generator | None"  [arg-type]
eppi_text_classification/opt.py:251: error: Argument 1 to "LGBMClassifier" has incompatible type "**dict[str, object]"; expected "int | None"  [arg-type]
Found 52 errors in 5 files (checked 1 source file)